# JRE version: OpenJDK Runtime Environment (11.0.10) (build 11.0.10+0-b96-7249189)
# Java VM: OpenJDK 64-Bit Server VM (11.0.10+0-b96-7249189, mixed mode, tiered, compressed oops, g1 gc, windows-amd64)
Heap:
 garbage-first heap   total 337920K, used 212164K [0x0000000080000000, 0x0000000100000000)
  region size 1024K, 15 young (15360K), 1 survivors (1024K)
 Metaspace       used 144972K, capacity 149177K, committed 152704K, reserved 1181696K
  class space    used 17654K, capacity 19188K, committed 19840K, reserved 1048576K
GC Heap History (20 events):
Event: 3915.789 GC heap before
{Heap before GC invocations=77 (full 0):
 garbage-first heap   total 337920K, used 283602K [0x0000000080000000, 0x0000000100000000)
  region size 1024K, 32 young (32768K), 7 survivors (7168K)
 Metaspace       used 147817K, capacity 152534K, committed 152704K, reserved 1181696K
  class space    used 18086K, capacity 19784K, committed 19840K, reserved 1048576K
}
Event: 3915.850 GC heap after
{Heap after GC invocations=78 (full 0):
 garbage-first heap   total 337920K, used 273920K [0x0000000080000000, 0x0000000100000000)
  region size 1024K, 4 young (4096K), 4 survivors (4096K)
 Metaspace       used 147817K, capacity 152534K, committed 152704K, reserved 1181696K
  class space    used 18086K, capacity 19784K, committed 19840K, reserved 1048576K
}
Event: 3916.003 GC heap before
{Heap before GC invocations=78 (full 0):
 garbage-first heap   total 337920K, used 287232K [0x0000000080000000, 0x0000000100000000)
  region size 1024K, 18 young (18432K), 4 survivors (4096K)
 Metaspace       used 147818K, capacity 152534K, committed 152704K, reserved 1181696K
  class space    used 18086K, capacity 19784K, committed 19840K, reserved 1048576K
}
Event: 3916.029 GC heap after
{Heap after GC invocations=79 (full 0):
 garbage-first heap   total 337920K, used 279552K [0x0000000080000000, 0x0000000100000000)
  region size 1024K, 3 young (3072K), 3 survivors (3072K)
 Metaspace       used 147818K, capacity 152534K, committed 152704K, reserved 1181696K
  class space    used 18086K, capacity 19784K, committed 19840K, reserved 1048576K
}
Event: 3916.155 GC heap before
{Heap before GC invocations=79 (full 0):
 garbage-first heap   total 337920K, used 291840K [0x0000000080000000, 0x0000000100000000)
  region size 1024K, 16 young (16384K), 3 survivors (3072K)
 Metaspace       used 147829K, capacity 152537K, committed 152704K, reserved 1181696K
  class space    used 18086K, capacity 19784K, committed 19840K, reserved 1048576K
}
Event: 3916.168 GC heap after
{Heap after GC invocations=80 (full 0):
 garbage-first heap   total 337920K, used 281925K [0x0000000080000000, 0x0000000100000000)
  region size 1024K, 2 young (2048K), 2 survivors (2048K)
 Metaspace       used 147829K, capacity 152537K, committed 152704K, reserved 1181696K
  class space    used 18086K, capacity 19784K, committed 19840K, reserved 1048576K
}
Event: 3916.269 GC heap before
{Heap before GC invocations=80 (full 0):
 garbage-first heap   total 337920K, used 296261K [0x0000000080000000, 0x0000000100000000)
  region size 1024K, 16 young (16384K), 2 survivors (2048K)
 Metaspace       used 147830K, capacity 152537K, committed 152704K, reserved 1181696K
  class space    used 18086K, capacity 19784K, committed 19840K, reserved 1048576K
}
Event: 3916.283 GC heap after
{Heap after GC invocations=81 (full 0):
 garbage-first heap   total 337920K, used 284014K [0x0000000080000000, 0x0000000100000000)
  region size 1024K, 2 young (2048K), 2 survivors (2048K)
 Metaspace       used 147830K, capacity 152537K, committed 152704K, reserved 1181696K
  class space    used 18086K, capacity 19784K, committed 19840K, reserved 1048576K
}
Event: 3917.541 GC heap before
{Heap before GC invocations=81 (full 0):
 garbage-first heap   total 337920K, used 249198K [0x0000000080000000, 0x0000000100000000)
  region size 1024K, 16 young (16384K), 2 survivors (2048K)
 Metaspace       used 144957K, capacity 149113K, committed 152704K, reserved 1181696K
  class space    used 17652K, capacity 19188K, committed 19840K, reserved 1048576K
}
Event: 3917.561 GC heap after
{Heap after GC invocations=82 (full 0):
 garbage-first heap   total 337920K, used 228940K [0x0000000080000000, 0x0000000100000000)
  region size 1024K, 2 young (2048K), 2 survivors (2048K)
 Metaspace       used 144957K, capacity 149113K, committed 152704K, reserved 1181696K
  class space    used 17652K, capacity 19188K, committed 19840K, reserved 1048576K
}
Event: 3918.361 GC heap before
{Heap before GC invocations=83 (full 0):
 garbage-first heap   total 337920K, used 275020K [0x0000000080000000, 0x0000000100000000)
  region size 1024K, 44 young (45056K), 2 survivors (2048K)
 Metaspace       used 144960K, capacity 149113K, committed 152704K, reserved 1181696K
  class space    used 17652K, capacity 19188K, committed 19840K, reserved 1048576K
}
Event: 3918.445 GC heap after
{Heap after GC invocations=84 (full 0):
 garbage-first heap   total 337920K, used 239488K [0x0000000080000000, 0x0000000100000000)
  region size 1024K, 6 young (6144K), 6 survivors (6144K)
 Metaspace       used 144960K, capacity 149113K, committed 152704K, reserved 1181696K
  class space    used 17652K, capacity 19188K, committed 19840K, reserved 1048576K
}
Event: 3918.468 GC heap before
{Heap before GC invocations=84 (full 0):
 garbage-first heap   total 337920K, used 249728K [0x0000000080000000, 0x0000000100000000)
  region size 1024K, 16 young (16384K), 6 survivors (6144K)
 Metaspace       used 144960K, capacity 149113K, committed 152704K, reserved 1181696K
  class space    used 17652K, capacity 19188K, committed 19840K, reserved 1048576K
}
Event: 3918.836 GC heap after
{Heap after GC invocations=85 (full 0):
 garbage-first heap   total 337920K, used 209938K [0x0000000080000000, 0x0000000100000000)
  region size 1024K, 2 young (2048K), 2 survivors (2048K)
 Metaspace       used 144960K, capacity 149113K, committed 152704K, reserved 1181696K
  class space    used 17652K, capacity 19188K, committed 19840K, reserved 1048576K
}
Event: 3919.327 GC heap before
{Heap before GC invocations=85 (full 0):
 garbage-first heap   total 337920K, used 224274K [0x0000000080000000, 0x0000000100000000)
  region size 1024K, 16 young (16384K), 2 survivors (2048K)
 Metaspace       used 144960K, capacity 149113K, committed 152704K, reserved 1181696K
  class space    used 17652K, capacity 19188K, committed 19840K, reserved 1048576K
}
Event: 3919.367 GC heap after
{Heap after GC invocations=86 (full 0):
 garbage-first heap   total 337920K, used 203226K [0x0000000080000000, 0x0000000100000000)
  region size 1024K, 2 young (2048K), 2 survivors (2048K)
 Metaspace       used 144960K, capacity 149113K, committed 152704K, reserved 1181696K
  class space    used 17652K, capacity 19188K, committed 19840K, reserved 1048576K
}
Event: 3919.477 GC heap before
{Heap before GC invocations=86 (full 0):
 garbage-first heap   total 337920K, used 223706K [0x0000000080000000, 0x0000000100000000)
  region size 1024K, 16 young (16384K), 2 survivors (2048K)
 Metaspace       used 144960K, capacity 149113K, committed 152704K, reserved 1181696K
  class space    used 17652K, capacity 19188K, committed 19840K, reserved 1048576K
}
Event: 3919.544 GC heap after
{Heap after GC invocations=87 (full 0):
 garbage-first heap   total 337920K, used 201992K [0x0000000080000000, 0x0000000100000000)
  region size 1024K, 2 young (2048K), 2 survivors (2048K)
 Metaspace       used 144960K, capacity 149113K, committed 152704K, reserved 1181696K
  class space    used 17652K, capacity 19188K, committed 19840K, reserved 1048576K
}
Event: 3919.720 GC heap before
{Heap before GC invocations=87 (full 0):
 garbage-first heap   total 337920K, used 216328K [0x0000000080000000, 0x0000000100000000)
  region size 1024K, 16 young (16384K), 2 survivors (2048K)
 Metaspace       used 144965K, capacity 149113K, committed 152704K, reserved 1181696K
  class space    used 17652K, capacity 19188K, committed 19840K, reserved 1048576K
}
Event: 3919.742 GC heap after
{Heap after GC invocations=88 (full 0):
 garbage-first heap   total 337920K, used 199876K [0x0000000080000000, 0x0000000100000000)
  region size 1024K, 1 young (1024K), 1 survivors (1024K)
 Metaspace       used 144965K, capacity 149113K, committed 152704K, reserved 1181696K
  class space    used 17652K, capacity 19188K, committed 19840K, reserved 1048576K
}

